<?xml version="1.0" encoding="UTF-8"?>
<!-- Generated by org.testng.reporters.JUnitXMLReporter -->
<testsuite ignored="0" hostname="WHS-LAP-KP" failures="0" tests="5" name="Default test" time="94.112" errors="0" timestamp="21 Aug 2019 20:04:27 GMT">
  <testcase classname="Test.BackbaseTestSuite" name="TestCreateNewComputer" time="2.293"/>
  <testcase classname="Test.BackbaseTestSuite" name="TestReadComputerData" time="21.347"/>
  <testcase classname="Test.BackbaseTestSuite" name="TestUpadateRecord" time="23.818"/>
  <testcase classname="Test.BackbaseTestSuite" name="TestDeleteRecord" time="12.259"/>
  <testcase classname="Test.BackbaseTestSuite" name="TestNameValidation" time="26.91"/>
</testsuite> <!-- Default test -->
